<?xml version="1.0" encoding="UTF-8"?>
<robot generator="Robot 7.1 (Python 3.13.0 on darwin)" generated="2024-10-10T02:13:59.800619" rpa="false" schemaversion="5">
<suite id="s1" name="Test" source="/Users/kasidet.a/Desktop/Robotframework/first_mobile/testcases/test.robot">
<test id="s1-t1" name="TC01" line="7">
<kw name="Open application" owner="common" type="SETUP">
<kw name="Open Application" owner="AppiumLibrary">
<arg>remote_url=${android_phone.remote_url}</arg>
<arg>automationName=${android_phone.automationName}</arg>
<arg>platformName=${android_phone.platformName}</arg>
<arg>platformVersion=${android_phone.platformVersion}</arg>
<arg>deviceName=${android_phone.deviceName}</arg>
<arg>appPackage=${android_phone.appPackage}</arg>
<arg>appActivity=${android_phone.appActivity}</arg>
<arg>autoGrantPermissions=${android_phone.autoGrantPermissions}</arg>
<doc>Opens a new application to given Appium server.
Capabilities of appium server, Android and iOS,
Please check https://appium.io/docs/en/2.1/cli/args/
| *Option*            | *Man.* | *Description*     |
| remote_url          | Yes    | Appium server url |
| alias               | no     | alias             |
| strict_ssl          | No     | allows you to send commands to an invalid certificate host like a self-signed one. |</doc>
<status status="PASS" start="2024-10-10T02:13:59.876803" elapsed="4.907538"/>
</kw>
<status status="PASS" start="2024-10-10T02:13:59.876607" elapsed="4.907997"/>
</kw>
<kw name="Tap to choose product" owner="home_page">
<kw name="Tap when ready" owner="common">
<kw name="Wait Until Page Contains Element" owner="AppiumLibrary">
<msg time="2024-10-10T02:14:06.210599" level="INFO">xpath criteria: //android.view.ViewGroup[android.widget.TextView[@text='Sauce Labs Backpack']]//android.widget.ImageView[@content-desc="Product Image"]</msg>
<arg>${locator}</arg>
<arg>${delay_time}</arg>
<doc>Waits until element specified with `locator` appears on current page.</doc>
<status status="PASS" start="2024-10-10T02:14:04.785812" elapsed="1.424985"/>
</kw>
<kw name="Tap" owner="AppiumLibrary">
<msg time="2024-10-10T02:14:06.211195" level="WARN">Keyword 'AppiumLibrary.Tap' is deprecated. Since selenium v4, use `Tap With Positions` keyword.</msg>
<msg time="2024-10-10T02:14:06.988946" level="INFO">xpath criteria: //android.view.ViewGroup[android.widget.TextView[@text='Sauce Labs Backpack']]//android.widget.ImageView[@content-desc="Product Image"]</msg>
<arg>${locator}</arg>
<doc>*DEPRECATED!!* Since selenium v4, use `Tap With Positions` keyword.</doc>
<status status="PASS" start="2024-10-10T02:14:06.211083" elapsed="0.777993"/>
</kw>
<arg>${product_selected}</arg>
<status status="PASS" start="2024-10-10T02:14:04.785459" elapsed="2.203796"/>
</kw>
<status status="PASS" start="2024-10-10T02:14:04.785043" elapsed="2.204341"/>
</kw>
<kw name="Tap to add product to cart" owner="product_page">
<kw name="Tap when ready" owner="common">
<kw name="Wait Until Page Contains Element" owner="AppiumLibrary">
<arg>${locator}</arg>
<arg>${delay_time}</arg>
<doc>Waits until element specified with `locator` appears on current page.</doc>
<status status="PASS" start="2024-10-10T02:14:06.990363" elapsed="0.744028"/>
</kw>
<kw name="Tap" owner="AppiumLibrary">
<msg time="2024-10-10T02:14:07.734851" level="WARN">Keyword 'AppiumLibrary.Tap' is deprecated. Since selenium v4, use `Tap With Positions` keyword.</msg>
<arg>${locator}</arg>
<doc>*DEPRECATED!!* Since selenium v4, use `Tap With Positions` keyword.</doc>
<status status="PASS" start="2024-10-10T02:14:07.734784" elapsed="0.208748"/>
</kw>
<arg>${add_product_btn}</arg>
<status status="PASS" start="2024-10-10T02:14:06.990076" elapsed="0.953590"/>
</kw>
<status status="PASS" start="2024-10-10T02:14:06.989766" elapsed="0.953955"/>
</kw>
<kw name="Tap cart icon" owner="cart_page">
<kw name="Tap when ready" owner="common">
<kw name="Wait Until Page Contains Element" owner="AppiumLibrary">
<arg>${locator}</arg>
<arg>${delay_time}</arg>
<doc>Waits until element specified with `locator` appears on current page.</doc>
<status status="PASS" start="2024-10-10T02:14:07.944767" elapsed="0.640158"/>
</kw>
<kw name="Tap" owner="AppiumLibrary">
<msg time="2024-10-10T02:14:08.585529" level="WARN">Keyword 'AppiumLibrary.Tap' is deprecated. Since selenium v4, use `Tap With Positions` keyword.</msg>
<arg>${locator}</arg>
<doc>*DEPRECATED!!* Since selenium v4, use `Tap With Positions` keyword.</doc>
<status status="PASS" start="2024-10-10T02:14:08.585431" elapsed="1.097659"/>
</kw>
<arg>${cart_icon}</arg>
<status status="PASS" start="2024-10-10T02:14:07.944492" elapsed="1.739194"/>
</kw>
<status status="PASS" start="2024-10-10T02:14:07.944144" elapsed="1.739809"/>
</kw>
<kw name="Close Application" owner="AppiumLibrary" type="TEARDOWN">
<doc>Closes the current application and also close webdriver session.</doc>
<status status="PASS" start="2024-10-10T02:14:09.684734" elapsed="0.265811"/>
</kw>
<status status="PASS" start="2024-10-10T02:13:59.876340" elapsed="10.074570"/>
</test>
<status status="PASS" start="2024-10-10T02:13:59.801120" elapsed="10.150858"/>
</suite>
<statistics>
<total>
<stat pass="1" fail="0" skip="0">All Tests</stat>
</total>
<tag>
</tag>
<suite>
<stat pass="1" fail="0" skip="0" id="s1" name="Test">Test</stat>
</suite>
</statistics>
<errors>
<msg time="2024-10-10T02:14:06.211195" level="WARN">Keyword 'AppiumLibrary.Tap' is deprecated. Since selenium v4, use `Tap With Positions` keyword.</msg>
<msg time="2024-10-10T02:14:07.734851" level="WARN">Keyword 'AppiumLibrary.Tap' is deprecated. Since selenium v4, use `Tap With Positions` keyword.</msg>
<msg time="2024-10-10T02:14:08.585529" level="WARN">Keyword 'AppiumLibrary.Tap' is deprecated. Since selenium v4, use `Tap With Positions` keyword.</msg>
</errors>
</robot>
