<?xml version="1.0" encoding="UTF-8"?>
<robot generator="Robot 7.1 (Python 3.13.0 on darwin)" generated="2024-10-15T03:38:32.717332" rpa="false" schemaversion="5">
<suite id="s1" name="Test" source="/Users/kasidet.a/Documents/GitHub/Android_first/my_demo_app/testcases/test.robot">
<test id="s1-t1" name="TC01-Choose product and verify product quantity on cart" line="8">
<kw name="Open test application" owner="common" type="SETUP">
<kw name="Run Keyword If" owner="BuiltIn">
<kw name="Open ios application" owner="common">
<kw name="Open Application" owner="AppiumLibrary">
<arg>remote_url=${remote_url}</arg>
<arg>platformName=${ios_phone.platformName}</arg>
<arg>automationName=${ios_phone.automationName}</arg>
<arg>deviceName=${ios_phone.deviceName}</arg>
<arg>platformVersion=${ios_phone.platformVersion}</arg>
<arg>udid=${ios_phone.udid}</arg>
<arg>bundleId=${ios_phone.bundleId}</arg>
<doc>Opens a new application to given Appium server.
Capabilities of appium server, Android and iOS,
Please check https://appium.io/docs/en/2.1/cli/args/
| *Option*            | *Man.* | *Description*     |
| remote_url          | Yes    | Appium server url |
| alias               | no     | alias             |
| strict_ssl          | No     | allows you to send commands to an invalid certificate host like a self-signed one. |</doc>
<status status="PASS" start="2024-10-15T03:38:32.854797" elapsed="7.626171"/>
</kw>
<status status="PASS" start="2024-10-15T03:38:32.854630" elapsed="7.626754"/>
</kw>
<arg>'${platform}' == 'android'</arg>
<arg>Open android application</arg>
<arg>ELSE</arg>
<arg>Open ios application</arg>
<doc>Runs the given keyword with the given arguments, if ``condition`` is true.</doc>
<status status="PASS" start="2024-10-15T03:38:32.854477" elapsed="7.627026"/>
</kw>
<status status="PASS" start="2024-10-15T03:38:32.854266" elapsed="7.627363"/>
</kw>
<kw name="Scroll To Product And Tap" owner="home_page">
<kw name="Replace String" owner="String">
<msg time="2024-10-15T03:38:40.483307" level="INFO">${locator} = xpath=//XCUIElementTypeStaticText[@name="store item text" and @label="Sauce Labs Onesie"]</msg>
<var>${locator}</var>
<arg>${home_locator.product_selected}</arg>
<arg>${product_name}</arg>
<arg>${product}</arg>
<doc>Replaces ``search_for`` in the given ``string`` with ``replace_with``.</doc>
<status status="PASS" start="2024-10-15T03:38:40.482949" elapsed="0.000401"/>
</kw>
<for flavor="IN RANGE">
<iter>
<kw name="Run Keyword And Ignore Error" owner="BuiltIn">
<kw name="Click Element" owner="AppiumLibrary">
<msg time="2024-10-15T03:38:40.485850" level="INFO">Clicking element 'xpath=//XCUIElementTypeStaticText[@name="store item text" and @label="Sauce Labs Onesie"]'.</msg>
<msg time="2024-10-15T03:38:42.076300" level="INFO">xpath criteria: //XCUIElementTypeStaticText[@name="store item text" and @label="Sauce Labs Onesie"]</msg>
<arg>${locator}</arg>
<doc>Click element identified by `locator`.</doc>
<status status="PASS" start="2024-10-15T03:38:40.484223" elapsed="1.592234"/>
</kw>
<msg time="2024-10-15T03:38:42.076643" level="INFO">${result} = ('PASS', None)</msg>
<var>${result}</var>
<arg>AppiumLibrary.Click element</arg>
<arg>${locator}</arg>
<doc>Runs the given keyword with the given arguments and ignores possible error.</doc>
<status status="PASS" start="2024-10-15T03:38:40.483965" elapsed="1.592708"/>
</kw>
<kw name="Run Keyword If" owner="BuiltIn">
<kw name="Exit For Loop" owner="BuiltIn">
<msg time="2024-10-15T03:38:42.078227" level="INFO">Exiting for loop altogether.</msg>
<doc>Stops executing the enclosing FOR loop.</doc>
<status status="PASS" start="2024-10-15T03:38:42.078094" elapsed="0.000436"/>
</kw>
<arg>'${result[0]}' == 'PASS'</arg>
<arg>Exit For Loop</arg>
<doc>Runs the given keyword with the given arguments, if ``condition`` is true.</doc>
<status status="PASS" start="2024-10-15T03:38:42.077054" elapsed="0.001554"/>
</kw>
<kw name="Swipe" owner="AppiumLibrary">
<arg>70</arg>
<arg>1000</arg>
<arg>70</arg>
<arg>100</arg>
<doc>Swipe from one point to another point, for an optional duration.</doc>
<status status="NOT RUN" start="2024-10-15T03:38:42.078749" elapsed="0.000031"/>
</kw>
<var name="${index}">0</var>
<status status="PASS" start="2024-10-15T03:38:40.483748" elapsed="1.595081"/>
</iter>
<var>${index}</var>
<value>10</value>
<status status="PASS" start="2024-10-15T03:38:40.483471" elapsed="1.595430"/>
</for>
<arg>Sauce Labs Onesie</arg>
<status status="PASS" start="2024-10-15T03:38:40.482240" elapsed="1.596779"/>
</kw>
<kw name="Tap to add product to cart" owner="product_page">
<kw name="Tap when ready" owner="common">
<kw name="Wait Until Page Contains Element" owner="AppiumLibrary">
<arg>${locator}</arg>
<arg>${delay_time}</arg>
<doc>Waits until element specified with `locator` appears on current page.</doc>
<status status="PASS" start="2024-10-15T03:38:42.080146" elapsed="0.278326"/>
</kw>
<kw name="Click Element" owner="AppiumLibrary">
<msg time="2024-10-15T03:38:42.361294" level="INFO">Clicking element 'accessibility_id=Add To Cart button'.</msg>
<arg>${locator}</arg>
<doc>Click element identified by `locator`.</doc>
<status status="PASS" start="2024-10-15T03:38:42.358972" elapsed="0.740660"/>
</kw>
<arg>${product_locator.add_to_cart_btn}</arg>
<status status="PASS" start="2024-10-15T03:38:42.079606" elapsed="1.020305"/>
</kw>
<status status="PASS" start="2024-10-15T03:38:42.079270" elapsed="1.020808"/>
</kw>
<kw name="Open cart and verify item quantity" owner="cart_feature">
<kw name="Tap cart icon" owner="cart_page">
<kw name="Tap when ready" owner="common">
<kw name="Wait Until Page Contains Element" owner="AppiumLibrary">
<arg>${locator}</arg>
<arg>${delay_time}</arg>
<doc>Waits until element specified with `locator` appears on current page.</doc>
<status status="PASS" start="2024-10-15T03:38:43.102430" elapsed="0.196802"/>
</kw>
<kw name="Click Element" owner="AppiumLibrary">
<msg time="2024-10-15T03:38:43.302435" level="INFO">Clicking element 'accessibility_id=tab bar option cart'.</msg>
<arg>${locator}</arg>
<doc>Click element identified by `locator`.</doc>
<status status="PASS" start="2024-10-15T03:38:43.299738" elapsed="0.672969"/>
</kw>
<arg>${cart_locator.cart_icon}</arg>
<status status="PASS" start="2024-10-15T03:38:43.101906" elapsed="0.871056"/>
</kw>
<status status="PASS" start="2024-10-15T03:38:43.101355" elapsed="0.871765"/>
</kw>
<kw name="Verify total item quantity in cart" owner="cart_page">
<kw name="Wait Until Page Contains Element" owner="AppiumLibrary">
<arg>${cart_locator.total_item_quantity}</arg>
<arg>${waiting_time}</arg>
<doc>Waits until element specified with `locator` appears on current page.</doc>
<status status="PASS" start="2024-10-15T03:38:43.974102" elapsed="0.203448"/>
</kw>
<kw name="Get Text" owner="AppiumLibrary">
<msg time="2024-10-15T03:38:44.465806" level="INFO">Element 'accessibility_id=total number' text is '1 item' </msg>
<msg time="2024-10-15T03:38:44.466071" level="INFO">${item_count} = 1 item</msg>
<var>${item_count}</var>
<arg>${cart_locator.total_item_quantity}</arg>
<doc>Get element text (for hybrid and mobile browser use `xpath` locator, others might cause problem)</doc>
<status status="PASS" start="2024-10-15T03:38:44.178249" elapsed="0.287893"/>
</kw>
<kw name="Should Be Equal" owner="BuiltIn">
<arg>${item_count}</arg>
<arg>${item_quantity}</arg>
<doc>Fails if the given objects are unequal.</doc>
<status status="PASS" start="2024-10-15T03:38:44.466469" elapsed="0.000331"/>
</kw>
<status status="PASS" start="2024-10-15T03:38:43.973574" elapsed="0.493329"/>
</kw>
<status status="PASS" start="2024-10-15T03:38:43.100685" elapsed="1.366288"/>
</kw>
<kw name="Close Application" owner="AppiumLibrary" type="TEARDOWN">
<doc>Closes the current application and also close webdriver session.</doc>
<status status="PASS" start="2024-10-15T03:38:44.467563" elapsed="1.101701"/>
</kw>
<status status="PASS" start="2024-10-15T03:38:32.853957" elapsed="12.715690"/>
</test>
<status status="PASS" start="2024-10-15T03:38:32.718001" elapsed="12.852927"/>
</suite>
<statistics>
<total>
<stat pass="1" fail="0" skip="0">All Tests</stat>
</total>
<tag>
</tag>
<suite>
<stat pass="1" fail="0" skip="0" id="s1" name="Test">Test</stat>
</suite>
</statistics>
<errors>
</errors>
</robot>
